06/22/2017 23:21:38	Tried accessing as user
06/22/2017 23:21:38	Tried accessing as admin
06/22/2017 23:21:38	Successfully logged in as admin
06/22/2017 23:21:38	Tried accessing as tyler
06/22/2017 23:21:38	Tried accessing as tyler
06/22/2017 23:21:38	Tried accessing as tyler
06/22/2017 23:21:38	Tried accessing as adm
06/22/2017 23:21:38	Tried accessing as tyler
06/22/2017 23:21:38	Too many attempts tyler has to wait 30 seconds
06/22/2017 23:22:57	Tried accessing as user
06/22/2017 23:22:57	Tried accessing as admin
06/22/2017 23:22:57	Successfully logged in as admin
06/22/2017 23:22:57	Tried accessing as tyler
06/22/2017 23:22:57	Tried accessing as tyler
06/22/2017 23:22:57	Tried accessing as tyler
06/22/2017 23:22:57	Tried accessing as adm
06/22/2017 23:22:57	Tried accessing as tyler
06/22/2017 23:22:57	Too many attempts tyler has to wait 30 seconds
06/22/2017 23:24:03	Tried accessing as user
06/22/2017 23:24:03	Tried accessing as admin
06/22/2017 23:24:03	Successfully logged in as admin
06/22/2017 23:24:03	Tried accessing as tyler
06/22/2017 23:24:03	Tried accessing as tyler
06/22/2017 23:24:03	Tried accessing as tyler
06/22/2017 23:24:03	Tried accessing as adm
06/22/2017 23:24:03	Tried accessing as tyler
06/22/2017 23:24:03	Too many attempts tyler has to wait 30 seconds
06/22/2017 23:27:20	Tried accessing as user
06/22/2017 23:27:20	Tried accessing as admin
06/22/2017 23:27:20	Successfully logged in as admin
06/22/2017 23:27:20	Tried accessing as tyler
06/22/2017 23:27:20	Tried accessing as tyler
06/22/2017 23:27:20	Tried accessing as tyler
06/22/2017 23:27:20	Tried accessing as adm
06/22/2017 23:27:20	Tried accessing as tyler
06/22/2017 23:27:20	Too many attempts tyler has to wait 30 seconds
06/22/2017 23:31:08	Tried accessing as user
06/22/2017 23:31:08	Tried accessing as admin
06/22/2017 23:31:08	Successfully logged in as admin
06/22/2017 23:31:08	Tried accessing as tyler
06/22/2017 23:31:08	Tried accessing as tyler
06/22/2017 23:31:08	Tried accessing as tyler
06/22/2017 23:31:08	Tried accessing as adm
06/22/2017 23:31:08	Tried accessing as tyler
06/22/2017 23:31:08	Too many attempts tyler has to wait 30 seconds
06/22/2017 23:35:30	Tried accessing as user
06/22/2017 23:35:30	Tried accessing as admin
06/22/2017 23:35:30	Successfully logged in as admin
06/22/2017 23:35:30	Tried accessing as tyler
06/22/2017 23:35:30	Tried accessing as tyler
06/22/2017 23:35:30	Tried accessing as tyler
06/22/2017 23:35:30	Tried accessing as adm
06/22/2017 23:35:30	Tried accessing as tyler
06/22/2017 23:35:30	Too many attempts tyler has to wait 30 seconds
06/22/2017 23:35:50	Tried accessing as user
06/22/2017 23:35:50	Tried accessing as admin
06/22/2017 23:35:50	Successfully logged in as admin
06/22/2017 23:35:50	Tried accessing as tyler
06/22/2017 23:35:50	Tried accessing as tyler
06/22/2017 23:35:50	Tried accessing as tyler
06/22/2017 23:35:50	Tried accessing as adm
06/22/2017 23:35:50	Tried accessing as tyler
06/22/2017 23:35:50	Too many attempts tyler has to wait 30 seconds
06/22/2017 23:36:36	Tried accessing as user
06/22/2017 23:36:36	Tried accessing as admin
06/22/2017 23:36:36	Successfully logged in as admin
06/22/2017 23:36:36	Tried accessing as tyler
06/22/2017 23:36:36	Tried accessing as tyler
06/22/2017 23:36:36	Tried accessing as tyler
06/22/2017 23:36:36	Tried accessing as adm
06/22/2017 23:36:36	Tried accessing as tyler
06/22/2017 23:36:36	Too many attempts tyler has to wait 30 seconds
06/22/2017 23:36:58	Tried accessing as user
06/22/2017 23:36:58	Tried accessing as admin
06/22/2017 23:36:58	Successfully logged in as admin
06/22/2017 23:36:58	Tried accessing as tyler
06/22/2017 23:36:58	Tried accessing as tyler
06/22/2017 23:36:58	Tried accessing as tyler
06/22/2017 23:36:58	Tried accessing as adm
06/22/2017 23:36:58	Tried accessing as tyler
06/22/2017 23:36:58	Too many attempts tyler has to wait 30 seconds
06/22/2017 23:40:31	Tried accessing as user
06/22/2017 23:40:31	Tried accessing as admin
06/22/2017 23:40:31	Successfully logged in as admin
06/22/2017 23:40:31	Tried accessing as tyler
06/22/2017 23:40:31	Tried accessing as tyler
06/22/2017 23:40:31	Tried accessing as tyler
06/22/2017 23:40:31	Tried accessing as adm
06/22/2017 23:40:31	Tried accessing as tyler
06/22/2017 23:40:31	Too many attempts tyler has to wait 30 seconds
06/22/2017 23:42:09	Tried accessing as user
06/22/2017 23:42:09	Tried accessing as admin
06/22/2017 23:42:09	Successfully logged in as admin
06/22/2017 23:42:09	Tried accessing as tyler
06/22/2017 23:42:09	Tried accessing as tyler
06/22/2017 23:42:09	Tried accessing as tyler
06/22/2017 23:42:09	Tried accessing as adm
06/22/2017 23:42:09	Tried accessing as tyler
06/22/2017 23:42:09	Too many attempts tyler has to wait 30 seconds
06/22/2017 23:42:21	Tried accessing as user
06/22/2017 23:42:21	Tried accessing as admin
06/22/2017 23:42:21	Successfully logged in as admin
06/22/2017 23:42:21	Tried accessing as tyler
06/22/2017 23:42:21	Tried accessing as tyler
06/22/2017 23:42:21	Tried accessing as tyler
06/22/2017 23:42:21	Tried accessing as adm
06/22/2017 23:42:21	Tried accessing as tyler
06/22/2017 23:42:21	Too many attempts tyler has to wait 30 seconds
06/23/2017 00:06:42	Tried accessing as user
06/23/2017 00:06:42	Tried accessing as admin
06/23/2017 00:06:42	Successfully logged in as admin
06/23/2017 00:06:42	Tried accessing as tyler
06/23/2017 00:06:42	Tried accessing as tyler
06/23/2017 00:06:42	Tried accessing as tyler
06/23/2017 00:06:42	Tried accessing as adm
06/23/2017 00:06:42	Tried accessing as tyler
06/23/2017 00:06:42	Too many attempts tyler has to wait 30 seconds
06/25/2017 23:01:42	Tried accessing as user
06/25/2017 23:01:42	Tried accessing as admin
06/25/2017 23:01:42	Successfully logged in as admin
06/25/2017 23:01:42	Tried accessing as tyler
06/25/2017 23:01:42	Tried accessing as tyler
06/25/2017 23:01:42	Tried accessing as tyler
06/25/2017 23:01:42	Tried accessing as adm
06/25/2017 23:01:42	Tried accessing as tyler
06/25/2017 23:01:42	Too many attempts tyler has to wait 30 seconds
06/25/2017 23:05:28	Tried accessing as user
06/25/2017 23:05:28	Tried accessing as admin
06/25/2017 23:05:28	Successfully logged in as admin
06/25/2017 23:05:28	Tried accessing as tyler
06/25/2017 23:05:28	Tried accessing as tyler
06/25/2017 23:05:28	Tried accessing as tyler
06/25/2017 23:05:28	Tried accessing as adm
06/25/2017 23:05:28	Tried accessing as tyler
06/25/2017 23:05:28	Too many attempts tyler has to wait 30 seconds
06/25/2017 23:05:49	Tried accessing as user
06/25/2017 23:05:49	Tried accessing as admin
06/25/2017 23:05:49	Successfully logged in as admin
06/25/2017 23:05:49	Tried accessing as tyler
06/25/2017 23:05:49	Tried accessing as tyler
06/25/2017 23:05:49	Tried accessing as tyler
06/25/2017 23:05:49	Tried accessing as adm
06/25/2017 23:05:49	Tried accessing as tyler
06/25/2017 23:05:49	Too many attempts tyler has to wait 30 seconds
06/25/2017 23:06:06	Tried accessing as user
06/25/2017 23:06:06	Tried accessing as admin
06/25/2017 23:06:06	Successfully logged in as admin
06/25/2017 23:06:06	Tried accessing as tyler
06/25/2017 23:06:06	Tried accessing as tyler
06/25/2017 23:06:06	Tried accessing as tyler
06/25/2017 23:06:06	Tried accessing as adm
06/25/2017 23:06:06	Tried accessing as tyler
06/25/2017 23:06:06	Too many attempts tyler has to wait 30 seconds
06/25/2017 23:06:23	Tried accessing as user
06/25/2017 23:06:23	Tried accessing as admin
06/25/2017 23:06:23	Successfully logged in as admin
06/25/2017 23:06:23	Tried accessing as tyler
06/25/2017 23:06:23	Tried accessing as tyler
06/25/2017 23:06:23	Tried accessing as tyler
06/25/2017 23:06:23	Tried accessing as adm
06/25/2017 23:06:23	Tried accessing as tyler
06/25/2017 23:06:23	Too many attempts tyler has to wait 30 seconds
06/26/2017 23:44:40	Tried accessing as user
06/26/2017 23:44:40	Tried accessing as admin
06/26/2017 23:44:40	Successfully logged in as admin
06/26/2017 23:44:40	Tried accessing as tyler
06/26/2017 23:44:40	Tried accessing as tyler
06/26/2017 23:44:40	Tried accessing as tyler
06/26/2017 23:44:40	Tried accessing as adm
06/26/2017 23:44:40	Tried accessing as tyler
06/26/2017 23:44:40	Too many attempts tyler has to wait 30 seconds
06/28/2017 12:10:30	Tried accessing as user
06/28/2017 12:10:30	Tried accessing as admin
06/28/2017 12:10:30	Successfully logged in as admin
06/28/2017 12:10:30	Tried accessing as tyler
06/28/2017 12:10:30	Tried accessing as tyler
06/28/2017 12:10:30	Tried accessing as tyler
06/28/2017 12:10:30	Tried accessing as adm
06/28/2017 12:10:30	Tried accessing as tyler
06/28/2017 12:10:30	Too many attempts tyler has to wait 30 seconds
06/28/2017 12:29:49	Tried accessing as user
06/28/2017 12:29:49	Tried accessing as admin
06/28/2017 12:29:49	Successfully logged in as admin
06/28/2017 12:29:49	Tried accessing as tyler
06/28/2017 12:29:49	Tried accessing as tyler
06/28/2017 12:29:49	Tried accessing as tyler
06/28/2017 12:29:49	Tried accessing as adm
06/28/2017 12:29:49	Tried accessing as tyler
06/28/2017 12:29:49	Too many attempts tyler has to wait 30 seconds
06/28/2017 12:31:18	Tried accessing as user
06/28/2017 12:31:18	Tried accessing as admin
06/28/2017 12:31:18	Successfully logged in as admin
06/28/2017 12:31:18	Tried accessing as tyler
06/28/2017 12:31:18	Tried accessing as tyler
06/28/2017 12:31:18	Tried accessing as tyler
06/28/2017 12:31:18	Tried accessing as adm
06/28/2017 12:31:18	Tried accessing as tyler
06/28/2017 12:31:18	Too many attempts tyler has to wait 30 seconds
06/28/2017 12:32:37	Tried accessing as user
06/28/2017 12:32:38	Tried accessing as admin
06/28/2017 12:32:38	Successfully logged in as admin
06/28/2017 12:32:38	Tried accessing as tyler
06/28/2017 12:32:38	Tried accessing as tyler
06/28/2017 12:32:38	Tried accessing as tyler
06/28/2017 12:32:38	Tried accessing as adm
06/28/2017 12:32:38	Tried accessing as tyler
06/28/2017 12:32:38	Too many attempts tyler has to wait 30 seconds
06/28/2017 23:33:48	Tried accessing as user
06/28/2017 23:33:48	Tried accessing as admin
06/28/2017 23:33:48	Successfully logged in as admin
06/28/2017 23:33:48	Tried accessing as tyler
06/28/2017 23:33:48	Tried accessing as tyler
06/28/2017 23:33:48	Tried accessing as tyler
06/28/2017 23:33:48	Tried accessing as adm
06/28/2017 23:33:48	Tried accessing as tyler
06/28/2017 23:33:48	Too many attempts tyler has to wait 30 seconds
06/29/2017 14:18:32	Tried accessing as user
06/29/2017 14:18:32	Tried accessing as admin
06/29/2017 14:18:32	Successfully logged in as admin
06/29/2017 14:18:32	Tried accessing as tyler
06/29/2017 14:18:32	Tried accessing as tyler
06/29/2017 14:18:32	Tried accessing as tyler
06/29/2017 14:18:32	Tried accessing as adm
06/29/2017 14:18:32	Tried accessing as tyler
06/29/2017 14:18:32	Too many attempts tyler has to wait 30 seconds
06/29/2017 14:20:00	Tried accessing as user
06/29/2017 14:20:00	Tried accessing as admin
06/29/2017 14:20:00	Successfully logged in as admin
06/29/2017 14:20:00	Tried accessing as tyler
06/29/2017 14:20:00	Tried accessing as tyler
06/29/2017 14:20:00	Tried accessing as tyler
06/29/2017 14:20:00	Tried accessing as adm
06/29/2017 14:20:00	Tried accessing as tyler
06/29/2017 14:20:00	Too many attempts tyler has to wait 30 seconds
06/29/2017 14:21:52	Tried accessing as user
06/29/2017 14:21:52	Tried accessing as admin
06/29/2017 14:21:52	Successfully logged in as admin
06/29/2017 14:21:52	Tried accessing as tyler
06/29/2017 14:21:52	Tried accessing as tyler
06/29/2017 14:21:52	Tried accessing as tyler
06/29/2017 14:21:52	Tried accessing as adm
06/29/2017 14:21:52	Tried accessing as tyler
06/29/2017 14:21:52	Too many attempts tyler has to wait 30 seconds
06/29/2017 14:23:22	Tried accessing as user
06/29/2017 14:23:22	Tried accessing as admin
06/29/2017 14:23:22	Successfully logged in as admin
06/29/2017 14:23:22	Tried accessing as tyler
06/29/2017 14:23:22	Tried accessing as tyler
06/29/2017 14:23:22	Tried accessing as tyler
06/29/2017 14:23:22	Tried accessing as adm
06/29/2017 14:23:22	Tried accessing as tyler
06/29/2017 14:23:22	Too many attempts tyler has to wait 30 seconds
06/29/2017 14:24:23	Tried accessing as user
06/29/2017 14:24:23	Tried accessing as admin
06/29/2017 14:24:23	Successfully logged in as admin
06/29/2017 14:24:23	Tried accessing as tyler
06/29/2017 14:24:23	Tried accessing as tyler
06/29/2017 14:24:23	Tried accessing as tyler
06/29/2017 14:24:23	Tried accessing as adm
06/29/2017 14:24:23	Tried accessing as tyler
06/29/2017 14:24:23	Too many attempts tyler has to wait 30 seconds
06/29/2017 14:24:29	Tried accessing as user
06/29/2017 14:24:29	Tried accessing as admin
06/29/2017 14:24:29	Successfully logged in as admin
06/29/2017 14:24:29	Tried accessing as tyler
06/29/2017 14:24:29	Tried accessing as tyler
06/29/2017 14:24:29	Tried accessing as tyler
06/29/2017 14:24:29	Tried accessing as adm
06/29/2017 14:24:29	Tried accessing as tyler
06/29/2017 14:24:29	Too many attempts tyler has to wait 30 seconds
06/29/2017 14:29:39	Tried accessing as user
06/29/2017 14:29:39	Tried accessing as admin
06/29/2017 14:29:39	Successfully logged in as admin
06/29/2017 14:29:39	Tried accessing as tyler
06/29/2017 14:29:39	Tried accessing as tyler
06/29/2017 14:29:39	Tried accessing as tyler
06/29/2017 14:29:39	Tried accessing as adm
06/29/2017 14:29:39	Tried accessing as tyler
06/29/2017 14:29:39	Too many attempts tyler has to wait 30 seconds
06/29/2017 14:30:06	Tried accessing as user
06/29/2017 14:30:06	Tried accessing as admin
06/29/2017 14:30:06	Successfully logged in as admin
06/29/2017 14:30:06	Tried accessing as tyler
06/29/2017 14:30:06	Tried accessing as tyler
06/29/2017 14:30:06	Tried accessing as tyler
06/29/2017 14:30:06	Tried accessing as adm
06/29/2017 14:30:06	Tried accessing as tyler
06/29/2017 14:30:06	Too many attempts tyler has to wait 30 seconds
06/29/2017 14:31:43	Tried accessing as user
06/29/2017 14:31:43	Tried accessing as admin
06/29/2017 14:31:43	Successfully logged in as admin
06/29/2017 14:31:43	Tried accessing as tyler
06/29/2017 14:31:43	Tried accessing as tyler
06/29/2017 14:31:43	Tried accessing as tyler
06/29/2017 14:31:43	Tried accessing as adm
06/29/2017 14:31:43	Tried accessing as tyler
06/29/2017 14:31:43	Too many attempts tyler has to wait 30 seconds
06/29/2017 14:37:41	Tried accessing as user
06/29/2017 14:37:41	Tried accessing as admin
06/29/2017 14:37:41	Successfully logged in as admin
06/29/2017 14:37:41	Tried accessing as tyler
06/29/2017 14:37:41	Tried accessing as tyler
06/29/2017 14:37:41	Tried accessing as tyler
06/29/2017 14:37:41	Tried accessing as adm
06/29/2017 14:37:41	Tried accessing as tyler
06/29/2017 14:37:41	Too many attempts tyler has to wait 30 seconds
06/29/2017 14:38:03	Tried accessing as user
06/29/2017 14:38:03	Tried accessing as admin
06/29/2017 14:38:03	Successfully logged in as admin
06/29/2017 14:38:03	Tried accessing as tyler
06/29/2017 14:38:03	Tried accessing as tyler
06/29/2017 14:38:03	Tried accessing as tyler
06/29/2017 14:38:03	Tried accessing as adm
06/29/2017 14:38:03	Tried accessing as tyler
06/29/2017 14:38:03	Too many attempts tyler has to wait 30 seconds
06/29/2017 14:38:14	Tried accessing as user
06/29/2017 14:38:14	Tried accessing as admin
06/29/2017 14:38:14	Successfully logged in as admin
06/29/2017 14:38:14	Tried accessing as tyler
06/29/2017 14:38:14	Tried accessing as tyler
06/29/2017 14:38:14	Tried accessing as tyler
06/29/2017 14:38:14	Tried accessing as adm
06/29/2017 14:38:14	Tried accessing as tyler
06/29/2017 14:38:14	Too many attempts tyler has to wait 30 seconds
06/29/2017 14:38:41	Tried accessing as user
06/29/2017 14:38:41	Tried accessing as admin
06/29/2017 14:38:41	Successfully logged in as admin
06/29/2017 14:38:41	Tried accessing as tyler
06/29/2017 14:38:41	Tried accessing as tyler
06/29/2017 14:38:41	Tried accessing as tyler
06/29/2017 14:38:41	Tried accessing as adm
06/29/2017 14:38:41	Tried accessing as tyler
06/29/2017 14:38:41	Too many attempts tyler has to wait 30 seconds
06/29/2017 14:39:38	Tried accessing as user
06/29/2017 14:39:38	Tried accessing as admin
06/29/2017 14:39:38	Successfully logged in as admin
06/29/2017 14:39:38	Tried accessing as tyler
06/29/2017 14:39:38	Tried accessing as tyler
06/29/2017 14:39:38	Tried accessing as tyler
06/29/2017 14:39:38	Tried accessing as adm
06/29/2017 14:39:38	Tried accessing as tyler
06/29/2017 14:39:38	Too many attempts tyler has to wait 30 seconds
06/29/2017 14:40:05	Tried accessing as user
06/29/2017 14:40:05	Tried accessing as admin
06/29/2017 14:40:05	Successfully logged in as admin
06/29/2017 14:40:05	Tried accessing as tyler
06/29/2017 14:40:05	Tried accessing as tyler
06/29/2017 14:40:05	Tried accessing as tyler
06/29/2017 14:40:05	Tried accessing as adm
06/29/2017 14:40:05	Tried accessing as tyler
06/29/2017 14:40:05	Too many attempts tyler has to wait 30 seconds
06/29/2017 14:41:04	Tried accessing as user
06/29/2017 14:41:04	Tried accessing as admin
06/29/2017 14:41:04	Successfully logged in as admin
06/29/2017 14:41:04	Tried accessing as tyler
06/29/2017 14:41:04	Tried accessing as tyler
06/29/2017 14:41:04	Tried accessing as tyler
06/29/2017 14:41:04	Tried accessing as adm
06/29/2017 14:41:04	Tried accessing as tyler
06/29/2017 14:41:04	Too many attempts tyler has to wait 30 seconds
06/29/2017 14:41:12	Tried accessing as user
06/29/2017 14:41:12	Tried accessing as admin
06/29/2017 14:41:12	Successfully logged in as admin
06/29/2017 14:41:12	Tried accessing as tyler
06/29/2017 14:41:12	Tried accessing as tyler
06/29/2017 14:41:12	Tried accessing as tyler
06/29/2017 14:41:12	Tried accessing as adm
06/29/2017 14:41:12	Tried accessing as tyler
06/29/2017 14:41:12	Too many attempts tyler has to wait 30 seconds
06/29/2017 14:42:38	Tried accessing as user
06/29/2017 14:42:38	Tried accessing as admin
06/29/2017 14:42:38	Successfully logged in as admin
06/29/2017 14:42:38	Tried accessing as tyler
06/29/2017 14:42:39	Tried accessing as tyler
06/29/2017 14:42:39	Tried accessing as tyler
06/29/2017 14:42:39	Tried accessing as adm
06/29/2017 14:42:39	Tried accessing as tyler
06/29/2017 14:42:39	Too many attempts tyler has to wait 30 seconds
06/29/2017 14:47:10	Tried accessing as user
06/29/2017 14:47:10	Tried accessing as admin
06/29/2017 14:47:10	Successfully logged in as admin
06/29/2017 14:47:10	Tried accessing as tyler
06/29/2017 14:47:10	Tried accessing as tyler
06/29/2017 14:47:10	Tried accessing as tyler
06/29/2017 14:47:10	Tried accessing as adm
06/29/2017 14:47:10	Tried accessing as tyler
06/29/2017 14:47:10	Too many attempts tyler has to wait 30 seconds
06/29/2017 14:49:00	Tried accessing as user
06/29/2017 14:49:00	Tried accessing as admin
06/29/2017 14:49:00	Successfully logged in as admin
06/29/2017 14:49:00	Tried accessing as tyler
06/29/2017 14:49:00	Tried accessing as tyler
06/29/2017 14:49:00	Tried accessing as tyler
06/29/2017 14:49:00	Tried accessing as adm
06/29/2017 14:49:00	Tried accessing as tyler
06/29/2017 14:49:00	Too many attempts tyler has to wait 30 seconds
06/29/2017 14:49:23	Tried accessing as user
06/29/2017 14:49:23	Tried accessing as admin
06/29/2017 14:49:23	Successfully logged in as admin
06/29/2017 14:49:23	Tried accessing as tyler
06/29/2017 14:49:23	Tried accessing as tyler
06/29/2017 14:49:23	Tried accessing as tyler
06/29/2017 14:49:23	Tried accessing as adm
06/29/2017 14:49:23	Tried accessing as tyler
06/29/2017 14:49:23	Too many attempts tyler has to wait 30 seconds
06/29/2017 17:53:21	Tried accessing as user
06/29/2017 17:53:21	Tried accessing as admin
06/29/2017 17:53:21	Successfully logged in as admin
06/29/2017 17:53:21	Tried accessing as tyler
06/29/2017 17:53:21	Tried accessing as tyler
06/29/2017 17:53:21	Tried accessing as tyler
06/29/2017 17:53:21	Tried accessing as adm
06/29/2017 17:53:21	Tried accessing as tyler
06/29/2017 17:53:21	Too many attempts tyler has to wait 30 seconds
06/29/2017 18:22:56	Tried accessing as user
06/29/2017 18:22:56	Tried accessing as admin
06/29/2017 18:22:56	Successfully logged in as admin
06/29/2017 18:22:56	Tried accessing as tyler
06/29/2017 18:22:56	Tried accessing as tyler
06/29/2017 18:22:56	Tried accessing as tyler
06/29/2017 18:22:56	Tried accessing as adm
06/29/2017 18:22:56	Tried accessing as tyler
06/29/2017 18:22:56	Too many attempts tyler has to wait 30 seconds
06/29/2017 18:23:50	Tried accessing as user
06/29/2017 18:23:50	Tried accessing as admin
06/29/2017 18:23:50	Successfully logged in as admin
06/29/2017 18:23:50	Tried accessing as tyler
06/29/2017 18:23:50	Tried accessing as tyler
06/29/2017 18:23:50	Tried accessing as tyler
06/29/2017 18:23:50	Tried accessing as adm
06/29/2017 18:23:50	Tried accessing as tyler
06/29/2017 18:23:50	Too many attempts tyler has to wait 30 seconds
06/29/2017 18:25:30	Tried accessing as user
06/29/2017 18:25:30	Tried accessing as admin
06/29/2017 18:25:30	Successfully logged in as admin
06/29/2017 18:25:30	Tried accessing as tyler
06/29/2017 18:25:30	Tried accessing as tyler
06/29/2017 18:25:30	Tried accessing as tyler
06/29/2017 18:25:30	Tried accessing as adm
06/29/2017 18:25:30	Tried accessing as tyler
06/29/2017 18:25:30	Too many attempts tyler has to wait 30 seconds
06/29/2017 18:27:24	Tried accessing as user
06/29/2017 18:27:24	Tried accessing as admin
06/29/2017 18:27:24	Successfully logged in as admin
06/29/2017 18:27:24	Tried accessing as tyler
06/29/2017 18:27:24	Tried accessing as tyler
06/29/2017 18:27:24	Tried accessing as tyler
06/29/2017 18:27:24	Tried accessing as adm
06/29/2017 18:27:24	Tried accessing as tyler
06/29/2017 18:27:24	Too many attempts tyler has to wait 30 seconds
06/29/2017 18:28:50	Tried accessing as user
06/29/2017 18:28:50	Tried accessing as admin
06/29/2017 18:28:50	Successfully logged in as admin
06/29/2017 18:28:50	Tried accessing as tyler
06/29/2017 18:28:50	Tried accessing as tyler
06/29/2017 18:28:50	Tried accessing as tyler
06/29/2017 18:28:50	Tried accessing as adm
06/29/2017 18:28:50	Tried accessing as tyler
06/29/2017 18:28:50	Too many attempts tyler has to wait 30 seconds
06/29/2017 18:29:44	Tried accessing as user
06/29/2017 18:29:44	Tried accessing as admin
06/29/2017 18:29:44	Successfully logged in as admin
06/29/2017 18:29:44	Tried accessing as tyler
06/29/2017 18:29:44	Tried accessing as tyler
06/29/2017 18:29:44	Tried accessing as tyler
06/29/2017 18:29:44	Tried accessing as adm
06/29/2017 18:29:44	Tried accessing as tyler
06/29/2017 18:29:44	Too many attempts tyler has to wait 30 seconds
06/29/2017 18:29:59	Tried accessing as user
06/29/2017 18:29:59	Tried accessing as admin
06/29/2017 18:29:59	Successfully logged in as admin
06/29/2017 18:29:59	Tried accessing as tyler
06/29/2017 18:30:00	Tried accessing as tyler
06/29/2017 18:30:00	Tried accessing as tyler
06/29/2017 18:30:00	Tried accessing as adm
06/29/2017 18:30:00	Tried accessing as tyler
06/29/2017 18:30:00	Too many attempts tyler has to wait 30 seconds
06/29/2017 18:32:10	Tried accessing as user
06/29/2017 18:32:10	Tried accessing as admin
06/29/2017 18:32:10	Successfully logged in as admin
06/29/2017 18:32:10	Tried accessing as tyler
06/29/2017 18:32:10	Tried accessing as tyler
06/29/2017 18:32:10	Tried accessing as tyler
06/29/2017 18:32:10	Tried accessing as adm
06/29/2017 18:32:10	Tried accessing as tyler
06/29/2017 18:32:10	Too many attempts tyler has to wait 30 seconds
06/29/2017 18:33:36	Tried accessing as user
06/29/2017 18:33:36	Tried accessing as admin
06/29/2017 18:33:36	Successfully logged in as admin
06/29/2017 18:33:36	Tried accessing as tyler
06/29/2017 18:33:36	Tried accessing as tyler
06/29/2017 18:33:36	Tried accessing as tyler
06/29/2017 18:33:36	Tried accessing as adm
06/29/2017 18:33:36	Tried accessing as tyler
06/29/2017 18:33:36	Too many attempts tyler has to wait 30 seconds
06/29/2017 18:33:52	Tried accessing as user
06/29/2017 18:33:52	Tried accessing as admin
06/29/2017 18:33:52	Successfully logged in as admin
06/29/2017 18:33:52	Tried accessing as tyler
06/29/2017 18:33:52	Tried accessing as tyler
06/29/2017 18:33:52	Tried accessing as tyler
06/29/2017 18:33:52	Tried accessing as adm
06/29/2017 18:33:52	Tried accessing as tyler
06/29/2017 18:33:52	Too many attempts tyler has to wait 30 seconds
06/29/2017 18:34:55	Tried accessing as user
06/29/2017 18:34:55	Tried accessing as admin
06/29/2017 18:34:55	Successfully logged in as admin
06/29/2017 18:34:55	Tried accessing as tyler
06/29/2017 18:34:55	Tried accessing as tyler
06/29/2017 18:34:55	Tried accessing as tyler
06/29/2017 18:34:55	Tried accessing as adm
06/29/2017 18:34:55	Tried accessing as tyler
06/29/2017 18:34:55	Too many attempts tyler has to wait 30 seconds
06/29/2017 18:35:11	Tried accessing as user
06/29/2017 18:35:11	Tried accessing as admin
06/29/2017 18:35:11	Successfully logged in as admin
06/29/2017 18:35:11	Tried accessing as tyler
06/29/2017 18:35:11	Tried accessing as tyler
06/29/2017 18:35:11	Tried accessing as tyler
06/29/2017 18:35:11	Tried accessing as adm
06/29/2017 18:35:11	Tried accessing as tyler
06/29/2017 18:35:11	Too many attempts tyler has to wait 30 seconds
06/29/2017 18:40:08	Tried accessing as user
06/29/2017 18:40:08	Tried accessing as admin
06/29/2017 18:40:08	Successfully logged in as admin
06/29/2017 18:40:08	Tried accessing as tyler
06/29/2017 18:40:08	Tried accessing as tyler
06/29/2017 18:40:08	Tried accessing as tyler
06/29/2017 18:40:08	Tried accessing as adm
06/29/2017 18:40:08	Tried accessing as tyler
06/29/2017 18:40:08	Too many attempts tyler has to wait 30 seconds
06/29/2017 18:40:54	Tried accessing as user
06/29/2017 18:40:54	Tried accessing as admin
06/29/2017 18:40:54	Successfully logged in as admin
06/29/2017 18:40:54	Tried accessing as tyler
06/29/2017 18:40:54	Tried accessing as tyler
06/29/2017 18:40:54	Tried accessing as tyler
06/29/2017 18:40:54	Tried accessing as adm
06/29/2017 18:40:54	Tried accessing as tyler
06/29/2017 18:40:54	Too many attempts tyler has to wait 30 seconds
06/29/2017 18:41:48	Tried accessing as user
06/29/2017 18:41:48	Tried accessing as admin
06/29/2017 18:41:48	Successfully logged in as admin
06/29/2017 18:41:48	Tried accessing as tyler
06/29/2017 18:41:48	Tried accessing as tyler
06/29/2017 18:41:48	Tried accessing as tyler
06/29/2017 18:41:48	Tried accessing as adm
06/29/2017 18:41:48	Tried accessing as tyler
06/29/2017 18:41:48	Too many attempts tyler has to wait 30 seconds
06/29/2017 18:45:46	Tried accessing as user
06/29/2017 18:45:46	Tried accessing as admin
06/29/2017 18:45:46	Successfully logged in as admin
06/29/2017 18:45:46	Tried accessing as tyler
06/29/2017 18:45:46	Tried accessing as tyler
06/29/2017 18:45:46	Tried accessing as tyler
06/29/2017 18:45:46	Tried accessing as adm
06/29/2017 18:45:47	Tried accessing as tyler
06/29/2017 18:45:47	Too many attempts tyler has to wait 30 seconds
06/29/2017 18:47:29	Tried accessing as user
06/29/2017 18:47:29	Tried accessing as admin
06/29/2017 18:47:29	Successfully logged in as admin
06/29/2017 18:47:29	Tried accessing as tyler
06/29/2017 18:47:29	Tried accessing as tyler
06/29/2017 18:47:29	Tried accessing as tyler
06/29/2017 18:47:29	Tried accessing as adm
06/29/2017 18:47:29	Tried accessing as tyler
06/29/2017 18:47:29	Too many attempts tyler has to wait 30 seconds
06/29/2017 18:48:07	Tried accessing as user
06/29/2017 18:48:07	Tried accessing as admin
06/29/2017 18:48:07	Successfully logged in as admin
06/29/2017 18:48:07	Tried accessing as tyler
06/29/2017 18:48:07	Tried accessing as tyler
06/29/2017 18:48:07	Tried accessing as tyler
06/29/2017 18:48:07	Tried accessing as adm
06/29/2017 18:48:07	Tried accessing as tyler
06/29/2017 18:48:07	Too many attempts tyler has to wait 30 seconds
06/29/2017 18:49:11	Tried accessing as user
06/29/2017 18:49:11	Tried accessing as admin
06/29/2017 18:49:11	Successfully logged in as admin
06/29/2017 18:49:11	Tried accessing as tyler
06/29/2017 18:49:11	Tried accessing as tyler
06/29/2017 18:49:11	Tried accessing as tyler
06/29/2017 18:49:11	Tried accessing as adm
06/29/2017 18:49:11	Tried accessing as tyler
06/29/2017 18:49:11	Too many attempts tyler has to wait 30 seconds
06/29/2017 18:52:05	Tried accessing as user
06/29/2017 18:52:05	Tried accessing as admin
06/29/2017 18:52:05	Successfully logged in as admin
06/29/2017 18:52:05	Tried accessing as tyler
06/29/2017 18:52:05	Tried accessing as tyler
06/29/2017 18:52:05	Tried accessing as tyler
06/29/2017 18:52:05	Tried accessing as adm
06/29/2017 18:52:05	Tried accessing as tyler
06/29/2017 18:52:05	Too many attempts tyler has to wait 30 seconds
06/29/2017 18:52:43	Tried accessing as user
06/29/2017 18:52:43	Tried accessing as admin
06/29/2017 18:52:43	Successfully logged in as admin
06/29/2017 18:52:43	Tried accessing as tyler
06/29/2017 18:52:43	Tried accessing as tyler
06/29/2017 18:52:43	Tried accessing as tyler
06/29/2017 18:52:43	Tried accessing as adm
06/29/2017 18:52:43	Tried accessing as tyler
06/29/2017 18:52:43	Too many attempts tyler has to wait 30 seconds
06/29/2017 18:52:59	Tried accessing as user
06/29/2017 18:52:59	Tried accessing as admin
06/29/2017 18:52:59	Successfully logged in as admin
06/29/2017 18:52:59	Tried accessing as tyler
06/29/2017 18:52:59	Tried accessing as tyler
06/29/2017 18:52:59	Tried accessing as tyler
06/29/2017 18:52:59	Tried accessing as adm
06/29/2017 18:52:59	Tried accessing as tyler
06/29/2017 18:52:59	Too many attempts tyler has to wait 30 seconds
06/29/2017 18:53:45	Tried accessing as user
06/29/2017 18:53:45	Tried accessing as admin
06/29/2017 18:53:45	Successfully logged in as admin
06/29/2017 18:53:45	Tried accessing as tyler
06/29/2017 18:53:45	Tried accessing as tyler
06/29/2017 18:53:45	Tried accessing as tyler
06/29/2017 18:53:45	Tried accessing as adm
06/29/2017 18:53:45	Tried accessing as tyler
06/29/2017 18:53:45	Too many attempts tyler has to wait 30 seconds
06/29/2017 18:54:04	Tried accessing as user
06/29/2017 18:54:04	Tried accessing as admin
06/29/2017 18:54:04	Successfully logged in as admin
06/29/2017 18:54:04	Tried accessing as tyler
06/29/2017 18:54:04	Tried accessing as tyler
06/29/2017 18:54:04	Tried accessing as tyler
06/29/2017 18:54:04	Tried accessing as adm
06/29/2017 18:54:04	Tried accessing as tyler
06/29/2017 18:54:04	Too many attempts tyler has to wait 30 seconds
06/29/2017 18:55:59	Tried accessing as user
06/29/2017 18:55:59	Tried accessing as admin
06/29/2017 18:55:59	Successfully logged in as admin
06/29/2017 18:55:59	Tried accessing as tyler
06/29/2017 18:55:59	Tried accessing as tyler
06/29/2017 18:55:59	Tried accessing as tyler
06/29/2017 18:55:59	Tried accessing as adm
06/29/2017 18:55:59	Tried accessing as tyler
06/29/2017 18:55:59	Too many attempts tyler has to wait 30 seconds
06/29/2017 18:56:38	Tried accessing as user
06/29/2017 18:56:38	Tried accessing as admin
06/29/2017 18:56:38	Successfully logged in as admin
06/29/2017 18:56:38	Tried accessing as tyler
06/29/2017 18:56:38	Tried accessing as tyler
06/29/2017 18:56:38	Tried accessing as tyler
06/29/2017 18:56:38	Tried accessing as adm
06/29/2017 18:56:38	Tried accessing as tyler
06/29/2017 18:56:38	Too many attempts tyler has to wait 30 seconds
06/29/2017 18:58:13	Tried accessing as user
06/29/2017 18:58:13	Tried accessing as admin
06/29/2017 18:58:13	Successfully logged in as admin
06/29/2017 18:58:13	Tried accessing as tyler
06/29/2017 18:58:13	Tried accessing as tyler
06/29/2017 18:58:13	Tried accessing as tyler
06/29/2017 18:58:13	Tried accessing as adm
06/29/2017 18:58:13	Tried accessing as tyler
06/29/2017 18:58:13	Too many attempts tyler has to wait 30 seconds
06/29/2017 19:00:08	Tried accessing as user
06/29/2017 19:00:08	Tried accessing as admin
06/29/2017 19:00:08	Successfully logged in as admin
06/29/2017 19:00:08	Tried accessing as tyler
06/29/2017 19:00:08	Tried accessing as tyler
06/29/2017 19:00:08	Tried accessing as tyler
06/29/2017 19:00:08	Tried accessing as adm
06/29/2017 19:00:08	Tried accessing as tyler
06/29/2017 19:00:08	Too many attempts tyler has to wait 30 seconds
06/29/2017 19:04:21	Tried accessing as user
06/29/2017 19:04:21	Tried accessing as admin
06/29/2017 19:04:21	Successfully logged in as admin
06/29/2017 19:04:21	Tried accessing as tyler
06/29/2017 19:04:21	Tried accessing as tyler
06/29/2017 19:04:21	Tried accessing as tyler
06/29/2017 19:04:21	Tried accessing as adm
06/29/2017 19:04:21	Tried accessing as tyler
06/29/2017 19:04:21	Too many attempts tyler has to wait 30 seconds
06/29/2017 19:09:01	Tried accessing as user
06/29/2017 19:09:01	Tried accessing as admin
06/29/2017 19:09:01	Successfully logged in as admin
06/29/2017 19:09:02	Tried accessing as tyler
06/29/2017 19:09:02	Tried accessing as tyler
06/29/2017 19:09:02	Tried accessing as tyler
06/29/2017 19:09:02	Tried accessing as adm
06/29/2017 19:09:02	Tried accessing as tyler
06/29/2017 19:09:02	Too many attempts tyler has to wait 30 seconds
06/29/2017 19:10:07	Tried accessing as user
06/29/2017 19:10:07	Tried accessing as admin
06/29/2017 19:10:07	Successfully logged in as admin
06/29/2017 19:10:07	Tried accessing as tyler
06/29/2017 19:10:07	Tried accessing as tyler
06/29/2017 19:10:07	Tried accessing as tyler
06/29/2017 19:10:07	Tried accessing as adm
06/29/2017 19:10:07	Tried accessing as tyler
06/29/2017 19:10:07	Too many attempts tyler has to wait 30 seconds
06/29/2017 19:16:28	Tried accessing as user
06/29/2017 19:16:28	Tried accessing as admin
06/29/2017 19:16:28	Successfully logged in as admin
06/29/2017 19:16:28	Tried accessing as tyler
06/29/2017 19:16:28	Tried accessing as tyler
06/29/2017 19:16:28	Tried accessing as tyler
06/29/2017 19:16:28	Tried accessing as adm
06/29/2017 19:16:28	Tried accessing as tyler
06/29/2017 19:16:28	Too many attempts tyler has to wait 30 seconds
06/29/2017 19:18:22	Tried accessing as user
06/29/2017 19:18:22	Tried accessing as admin
06/29/2017 19:18:22	Successfully logged in as admin
06/29/2017 19:18:22	Tried accessing as tyler
06/29/2017 19:18:22	Tried accessing as tyler
06/29/2017 19:18:22	Tried accessing as tyler
06/29/2017 19:18:22	Tried accessing as adm
06/29/2017 19:18:22	Tried accessing as tyler
06/29/2017 19:18:22	Too many attempts tyler has to wait 30 seconds
06/29/2017 19:18:55	Tried accessing as user
06/29/2017 19:18:55	Tried accessing as admin
06/29/2017 19:18:55	Successfully logged in as admin
06/29/2017 19:18:55	Tried accessing as tyler
06/29/2017 19:18:55	Tried accessing as tyler
06/29/2017 19:18:55	Tried accessing as tyler
06/29/2017 19:18:55	Tried accessing as adm
06/29/2017 19:18:55	Tried accessing as tyler
06/29/2017 19:18:55	Too many attempts tyler has to wait 30 seconds
06/29/2017 19:19:35	Tried accessing as user
06/29/2017 19:19:35	Tried accessing as admin
06/29/2017 19:19:35	Successfully logged in as admin
06/29/2017 19:19:35	Tried accessing as tyler
06/29/2017 19:19:35	Tried accessing as tyler
06/29/2017 19:19:35	Tried accessing as tyler
06/29/2017 19:19:35	Tried accessing as adm
06/29/2017 19:19:35	Tried accessing as tyler
06/29/2017 19:19:35	Too many attempts tyler has to wait 30 seconds
06/29/2017 19:20:24	Tried accessing as user
06/29/2017 19:20:24	Tried accessing as admin
06/29/2017 19:20:24	Successfully logged in as admin
06/29/2017 19:20:24	Tried accessing as tyler
06/29/2017 19:20:24	Tried accessing as tyler
06/29/2017 19:20:24	Tried accessing as tyler
06/29/2017 19:20:24	Tried accessing as adm
06/29/2017 19:20:24	Tried accessing as tyler
06/29/2017 19:20:24	Too many attempts tyler has to wait 30 seconds
06/29/2017 19:20:29	Tried accessing as user
06/29/2017 19:20:29	Tried accessing as admin
06/29/2017 19:20:29	Successfully logged in as admin
06/29/2017 19:20:29	Tried accessing as tyler
06/29/2017 19:20:29	Tried accessing as tyler
06/29/2017 19:20:29	Tried accessing as tyler
06/29/2017 19:20:29	Tried accessing as adm
06/29/2017 19:20:29	Tried accessing as tyler
06/29/2017 19:20:29	Too many attempts tyler has to wait 30 seconds
06/29/2017 22:29:19	Tried accessing as user
06/29/2017 22:29:19	Tried accessing as admin
06/29/2017 22:29:19	Successfully logged in as admin
06/29/2017 22:29:19	Tried accessing as tyler
06/29/2017 22:29:19	Tried accessing as tyler
06/29/2017 22:29:19	Tried accessing as tyler
06/29/2017 22:29:19	Tried accessing as adm
06/29/2017 22:29:19	Tried accessing as tyler
06/29/2017 22:29:19	Too many attempts tyler has to wait 30 seconds
06/29/2017 22:30:27	Tried accessing as user
06/29/2017 22:30:27	Tried accessing as admin
06/29/2017 22:30:27	Successfully logged in as admin
06/29/2017 22:30:27	Tried accessing as tyler
06/29/2017 22:30:27	Tried accessing as tyler
06/29/2017 22:30:27	Tried accessing as tyler
06/29/2017 22:30:27	Tried accessing as adm
06/29/2017 22:30:27	Tried accessing as tyler
06/29/2017 22:30:27	Too many attempts tyler has to wait 30 seconds
06/29/2017 22:30:45	Tried accessing as user
06/29/2017 22:30:45	Tried accessing as admin
06/29/2017 22:30:45	Successfully logged in as admin
06/29/2017 22:30:45	Tried accessing as tyler
06/29/2017 22:30:45	Tried accessing as tyler
06/29/2017 22:30:45	Tried accessing as tyler
06/29/2017 22:30:45	Tried accessing as adm
06/29/2017 22:30:45	Tried accessing as tyler
06/29/2017 22:30:45	Too many attempts tyler has to wait 30 seconds
06/29/2017 22:35:14	Tried accessing as user
06/29/2017 22:35:14	Tried accessing as admin
06/29/2017 22:35:14	Successfully logged in as admin
06/29/2017 22:35:14	Tried accessing as tyler
06/29/2017 22:35:14	Tried accessing as tyler
06/29/2017 22:35:14	Tried accessing as tyler
06/29/2017 22:35:14	Tried accessing as adm
06/29/2017 22:35:14	Tried accessing as tyler
06/29/2017 22:35:14	Too many attempts tyler has to wait 30 seconds
06/29/2017 22:38:46	Tried accessing as user
06/29/2017 22:38:46	Tried accessing as admin
06/29/2017 22:38:46	Successfully logged in as admin
06/29/2017 22:38:46	Tried accessing as tyler
06/29/2017 22:38:46	Tried accessing as tyler
06/29/2017 22:38:46	Tried accessing as tyler
06/29/2017 22:38:46	Tried accessing as adm
06/29/2017 22:38:46	Tried accessing as tyler
06/29/2017 22:38:46	Too many attempts tyler has to wait 30 seconds
06/29/2017 23:02:48	Tried accessing as user
06/29/2017 23:02:48	Tried accessing as admin
06/29/2017 23:02:48	Successfully logged in as admin
06/29/2017 23:02:48	Tried accessing as tyler
06/29/2017 23:02:48	Tried accessing as tyler
06/29/2017 23:02:48	Tried accessing as tyler
06/29/2017 23:02:48	Tried accessing as adm
06/29/2017 23:02:48	Tried accessing as tyler
06/29/2017 23:02:48	Too many attempts tyler has to wait 30 seconds
06/29/2017 23:03:01	Tried accessing as user
06/29/2017 23:03:01	Tried accessing as admin
06/29/2017 23:03:01	Successfully logged in as admin
06/29/2017 23:03:01	Tried accessing as tyler
06/29/2017 23:03:01	Tried accessing as tyler
06/29/2017 23:03:01	Tried accessing as tyler
06/29/2017 23:03:01	Tried accessing as adm
06/29/2017 23:03:01	Tried accessing as tyler
06/29/2017 23:03:01	Too many attempts tyler has to wait 30 seconds
06/29/2017 23:12:59	Tried accessing as user
06/29/2017 23:12:59	Tried accessing as admin
06/29/2017 23:12:59	Successfully logged in as admin
06/29/2017 23:12:59	Tried accessing as tyler
06/29/2017 23:12:59	Tried accessing as tyler
06/29/2017 23:12:59	Tried accessing as tyler
06/29/2017 23:12:59	Tried accessing as adm
06/29/2017 23:12:59	Tried accessing as tyler
06/29/2017 23:12:59	Too many attempts tyler has to wait 30 seconds
06/29/2017 23:28:08	Tried accessing as user
06/29/2017 23:28:08	Tried accessing as admin
06/29/2017 23:28:08	Successfully logged in as admin
06/29/2017 23:28:08	Tried accessing as tyler
06/29/2017 23:28:08	Tried accessing as tyler
06/29/2017 23:28:08	Tried accessing as tyler
06/29/2017 23:28:08	Tried accessing as adm
06/29/2017 23:28:08	Tried accessing as tyler
06/29/2017 23:28:08	Too many attempts tyler has to wait 30 seconds
06/30/2017 00:02:24	Tried accessing as admin
06/30/2017 00:02:24	Successfully logged in as admin
06/30/2017 00:04:41	Tried accessing as admin
06/30/2017 00:04:41	Successfully logged in as admin
06/30/2017 00:06:14	Tried accessing as admin
06/30/2017 00:06:14	Successfully logged in as admin
06/30/2017 00:07:32	Tried accessing as admin
06/30/2017 00:07:32	Successfully logged in as admin
06/30/2017 00:09:32	Tried accessing as admin
06/30/2017 00:09:32	Successfully logged in as admin
06/30/2017 00:10:41	Tried accessing as admin
06/30/2017 00:10:41	Successfully logged in as admin
06/30/2017 00:11:05	Tried accessing as admin
06/30/2017 00:11:05	Successfully logged in as admin
06/30/2017 13:05:46	Tried accessing as user
06/30/2017 13:05:46	Tried accessing as admin
06/30/2017 13:05:46	Successfully logged in as admin
06/30/2017 13:05:46	Tried accessing as tyler
06/30/2017 13:05:46	Tried accessing as tyler
06/30/2017 13:05:46	Tried accessing as tyler
06/30/2017 13:05:46	Tried accessing as adm
06/30/2017 13:05:46	Tried accessing as tyler
06/30/2017 13:05:46	Too many attempts tyler has to wait 30 seconds
06/30/2017 13:07:17	Tried accessing as user
06/30/2017 13:07:17	Tried accessing as admin
06/30/2017 13:07:17	Successfully logged in as admin
06/30/2017 13:07:17	Tried accessing as tyler
06/30/2017 13:07:17	Tried accessing as tyler
06/30/2017 13:07:17	Tried accessing as tyler
06/30/2017 13:07:17	Tried accessing as adm
06/30/2017 13:07:17	Tried accessing as tyler
06/30/2017 13:07:17	Too many attempts tyler has to wait 30 seconds
06/30/2017 13:08:17	Tried accessing as user
06/30/2017 13:08:17	Tried accessing as admin
06/30/2017 13:08:17	Successfully logged in as admin
06/30/2017 13:08:17	Tried accessing as tyler
06/30/2017 13:08:17	Tried accessing as tyler
06/30/2017 13:08:17	Tried accessing as tyler
06/30/2017 13:08:17	Tried accessing as adm
06/30/2017 13:08:17	Tried accessing as tyler
06/30/2017 13:08:17	Too many attempts tyler has to wait 30 seconds
07/05/2017 11:48:46	Tried accessing as admin
07/05/2017 11:48:46	Successfully logged in as admin
07/05/2017 11:51:58	Tried accessing as admin
07/05/2017 11:51:58	Successfully logged in as admin
07/05/2017 11:54:49	Tried accessing as admin
07/05/2017 11:54:49	Successfully logged in as admin
07/05/2017 11:55:50	Tried accessing as admin
07/05/2017 11:55:50	Successfully logged in as admin
07/05/2017 11:56:20	Tried accessing as admin
07/05/2017 11:56:20	Successfully logged in as admin
07/05/2017 11:56:25	Tried accessing as admin
07/05/2017 11:56:25	Successfully logged in as admin
07/05/2017 11:58:47	Tried accessing as admin
07/05/2017 11:58:47	Successfully logged in as admin
07/05/2017 12:00:09	Tried accessing as admin
07/05/2017 12:00:09	Successfully logged in as admin
07/05/2017 12:02:31	Tried accessing as admin
07/05/2017 12:02:31	Successfully logged in as admin
07/05/2017 12:13:14	Tried accessing as admin
07/05/2017 12:13:14	Successfully logged in as admin
07/05/2017 12:13:26	Tried accessing as admin
07/05/2017 12:13:26	Successfully logged in as admin
07/05/2017 12:25:04	Tried accessing as admin
07/05/2017 12:25:04	Successfully logged in as admin
07/05/2017 12:27:40	Tried accessing as admin
07/05/2017 12:27:40	Successfully logged in as admin
07/05/2017 12:27:59	Tried accessing as admin
07/05/2017 12:27:59	Successfully logged in as admin
07/05/2017 12:31:19	Tried accessing as admin
07/05/2017 12:31:20	Successfully logged in as admin
07/05/2017 12:32:23	Tried accessing as admin
07/05/2017 12:32:23	Successfully logged in as admin
07/05/2017 12:33:02	Tried accessing as admin
07/05/2017 12:33:02	Successfully logged in as admin
07/05/2017 12:48:38	Tried accessing as admin
07/05/2017 12:48:38	Successfully logged in as admin
07/05/2017 12:51:40	Tried accessing as admin
07/05/2017 12:51:40	Successfully logged in as admin
07/05/2017 12:51:52	Tried accessing as admin
07/05/2017 12:51:52	Successfully logged in as admin
07/05/2017 12:52:10	Tried accessing as admin
07/05/2017 12:52:10	Successfully logged in as admin
07/05/2017 12:52:48	Tried accessing as admin
07/05/2017 12:52:48	Successfully logged in as admin
07/05/2017 23:17:50	Tried accessing as user
07/05/2017 23:17:50	Tried accessing as admin
07/05/2017 23:17:50	Successfully logged in as admin
07/05/2017 23:17:50	Tried accessing as tyler
07/05/2017 23:17:50	Tried accessing as tyler
07/05/2017 23:17:50	Tried accessing as tyler
07/05/2017 23:17:50	Tried accessing as adm
07/05/2017 23:17:50	Tried accessing as tyler
07/05/2017 23:17:50	Too many attempts tyler has to wait 30 seconds
07/05/2017 23:21:44	Tried accessing as user
07/05/2017 23:21:44	Tried accessing as admin
07/05/2017 23:21:44	Successfully logged in as admin
07/05/2017 23:21:44	Tried accessing as tyler
07/05/2017 23:21:44	Tried accessing as tyler
07/05/2017 23:21:44	Tried accessing as tyler
07/05/2017 23:21:44	Tried accessing as adm
07/05/2017 23:21:44	Tried accessing as tyler
07/05/2017 23:21:44	Too many attempts tyler has to wait 30 seconds
07/05/2017 23:22:24	Tried accessing as user
07/05/2017 23:22:24	Tried accessing as admin
07/05/2017 23:22:24	Successfully logged in as admin
07/05/2017 23:22:24	Tried accessing as tyler
07/05/2017 23:22:24	Tried accessing as tyler
07/05/2017 23:22:24	Tried accessing as tyler
07/05/2017 23:22:24	Tried accessing as adm
07/05/2017 23:22:24	Tried accessing as tyler
07/05/2017 23:22:24	Too many attempts tyler has to wait 30 seconds
07/05/2017 23:30:57	Tried accessing as user
07/05/2017 23:30:57	Tried accessing as admin
07/05/2017 23:30:57	Successfully logged in as admin
07/05/2017 23:30:57	Tried accessing as tyler
07/05/2017 23:30:57	Tried accessing as tyler
07/05/2017 23:30:57	Tried accessing as tyler
07/05/2017 23:30:57	Tried accessing as adm
07/05/2017 23:30:57	Tried accessing as tyler
07/05/2017 23:30:57	Too many attempts tyler has to wait 30 seconds
07/06/2017 00:03:55	Tried accessing as user
07/06/2017 00:03:55	Tried accessing as admin
07/06/2017 00:03:55	Successfully logged in as admin
07/06/2017 00:03:55	Tried accessing as tyler
07/06/2017 00:03:55	Tried accessing as tyler
07/06/2017 00:03:55	Tried accessing as tyler
07/06/2017 00:03:55	Tried accessing as adm
07/06/2017 00:03:55	Tried accessing as tyler
07/06/2017 00:03:55	Too many attempts tyler has to wait 30 seconds
07/06/2017 00:07:18	Tried accessing as user
07/06/2017 00:07:18	Tried accessing as admin
07/06/2017 00:07:18	Successfully logged in as admin
07/06/2017 00:07:18	Tried accessing as tyler
07/06/2017 00:07:18	Tried accessing as tyler
07/06/2017 00:07:18	Tried accessing as tyler
07/06/2017 00:07:18	Tried accessing as adm
07/06/2017 00:07:18	Tried accessing as tyler
07/06/2017 00:07:18	Too many attempts tyler has to wait 30 seconds
07/06/2017 00:08:10	Tried accessing as user
07/06/2017 00:08:10	Tried accessing as admin
07/06/2017 00:08:10	Successfully logged in as admin
07/06/2017 00:08:10	Tried accessing as tyler
07/06/2017 00:08:10	Tried accessing as tyler
07/06/2017 00:08:10	Tried accessing as tyler
07/06/2017 00:08:10	Tried accessing as adm
07/06/2017 00:08:10	Tried accessing as tyler
07/06/2017 00:08:10	Too many attempts tyler has to wait 30 seconds
07/06/2017 00:15:12	Tried accessing as user
07/06/2017 00:15:12	Tried accessing as admin
07/06/2017 00:15:12	Successfully logged in as admin
07/06/2017 00:15:12	Tried accessing as tyler
07/06/2017 00:15:12	Tried accessing as tyler
07/06/2017 00:15:12	Tried accessing as tyler
07/06/2017 00:15:12	Tried accessing as adm
07/06/2017 00:15:12	Tried accessing as tyler
07/06/2017 00:15:12	Too many attempts tyler has to wait 30 seconds
07/06/2017 00:44:37	Tried accessing as user
07/06/2017 00:44:37	Tried accessing as admin
07/06/2017 00:44:37	Successfully logged in as admin
07/06/2017 00:44:37	Tried accessing as tyler
07/06/2017 00:44:37	Tried accessing as tyler
07/06/2017 00:44:37	Tried accessing as tyler
07/06/2017 00:44:37	Tried accessing as adm
07/06/2017 00:44:37	Tried accessing as tyler
07/06/2017 00:44:37	Too many attempts tyler has to wait 30 seconds
07/06/2017 00:45:22	Tried accessing as user
07/06/2017 00:45:22	Tried accessing as admin
07/06/2017 00:45:22	Successfully logged in as admin
07/06/2017 00:45:22	Tried accessing as tyler
07/06/2017 00:45:22	Tried accessing as tyler
07/06/2017 00:45:22	Tried accessing as tyler
07/06/2017 00:45:22	Tried accessing as adm
07/06/2017 00:45:22	Tried accessing as tyler
07/06/2017 00:45:22	Too many attempts tyler has to wait 30 seconds
07/06/2017 00:45:55	Tried accessing as user
07/06/2017 00:45:55	Tried accessing as admin
07/06/2017 00:45:55	Successfully logged in as admin
07/06/2017 00:45:55	Tried accessing as tyler
07/06/2017 00:45:55	Tried accessing as tyler
07/06/2017 00:45:55	Tried accessing as tyler
07/06/2017 00:45:55	Tried accessing as adm
07/06/2017 00:45:55	Tried accessing as tyler
07/06/2017 00:45:55	Too many attempts tyler has to wait 30 seconds
07/06/2017 00:46:20	Tried accessing as user
07/06/2017 00:46:20	Tried accessing as admin
07/06/2017 00:46:20	Successfully logged in as admin
07/06/2017 00:46:20	Tried accessing as tyler
07/06/2017 00:46:20	Tried accessing as tyler
07/06/2017 00:46:20	Tried accessing as tyler
07/06/2017 00:46:20	Tried accessing as adm
07/06/2017 00:46:20	Tried accessing as tyler
07/06/2017 00:46:20	Too many attempts tyler has to wait 30 seconds
07/06/2017 00:47:18	Tried accessing as user
07/06/2017 00:47:18	Tried accessing as admin
07/06/2017 00:47:18	Successfully logged in as admin
07/06/2017 00:47:18	Tried accessing as tyler
07/06/2017 00:47:18	Tried accessing as tyler
07/06/2017 00:47:18	Tried accessing as tyler
07/06/2017 00:47:18	Tried accessing as adm
07/06/2017 00:47:18	Tried accessing as tyler
07/06/2017 00:47:18	Too many attempts tyler has to wait 30 seconds
07/06/2017 00:51:06	Tried accessing as user
07/06/2017 00:51:06	Tried accessing as admin
07/06/2017 00:51:06	Successfully logged in as admin
07/06/2017 00:51:06	Tried accessing as tyler
07/06/2017 00:51:06	Tried accessing as tyler
07/06/2017 00:51:06	Tried accessing as tyler
07/06/2017 00:51:06	Tried accessing as adm
07/06/2017 00:51:06	Tried accessing as tyler
07/06/2017 00:51:06	Too many attempts tyler has to wait 30 seconds
07/06/2017 00:51:19	Tried accessing as admin
07/06/2017 00:51:19	Successfully logged in as admin
07/07/2017 11:57:18	Tried accessing as admin
07/07/2017 11:57:18	Successfully logged in as admin
07/07/2017 12:00:53	Tried accessing as admin
07/07/2017 12:00:53	Successfully logged in as admin
07/07/2017 12:03:33	Tried accessing as admin
07/07/2017 12:03:33	Successfully logged in as admin
07/07/2017 12:12:11	Tried accessing as user
07/07/2017 12:12:11	Tried accessing as admin
07/07/2017 12:12:11	Successfully logged in as admin
07/07/2017 12:12:11	Tried accessing as tyler
07/07/2017 12:12:11	Tried accessing as tyler
07/07/2017 12:12:11	Tried accessing as tyler
07/07/2017 12:12:11	Tried accessing as adm
07/07/2017 12:12:11	Tried accessing as tyler
07/07/2017 12:12:11	Too many attempts tyler has to wait 30 seconds
07/07/2017 12:13:28	Tried accessing as user
07/07/2017 12:13:28	Tried accessing as admin
07/07/2017 12:13:28	Successfully logged in as admin
07/07/2017 12:13:28	Tried accessing as tyler
07/07/2017 12:13:28	Tried accessing as tyler
07/07/2017 12:13:28	Tried accessing as tyler
07/07/2017 12:13:28	Tried accessing as adm
07/07/2017 12:13:28	Tried accessing as tyler
07/07/2017 12:13:28	Too many attempts tyler has to wait 30 seconds
07/07/2017 12:13:48	Tried accessing as user
07/07/2017 12:13:48	Tried accessing as admin
07/07/2017 12:13:48	Successfully logged in as admin
07/07/2017 12:13:48	Tried accessing as tyler
07/07/2017 12:13:48	Tried accessing as tyler
07/07/2017 12:13:48	Tried accessing as tyler
07/07/2017 12:13:48	Tried accessing as adm
07/07/2017 12:13:48	Tried accessing as tyler
07/07/2017 12:13:48	Too many attempts tyler has to wait 30 seconds
07/07/2017 12:14:45	Tried accessing as user
07/07/2017 12:14:45	Tried accessing as admin
07/07/2017 12:14:45	Successfully logged in as admin
07/07/2017 12:14:45	Tried accessing as tyler
07/07/2017 12:14:46	Tried accessing as tyler
07/07/2017 12:14:46	Tried accessing as tyler
07/07/2017 12:14:46	Tried accessing as adm
07/07/2017 12:14:46	Tried accessing as tyler
07/07/2017 12:14:46	Too many attempts tyler has to wait 30 seconds
07/07/2017 12:16:01	Tried accessing as user
07/07/2017 12:16:01	Tried accessing as admin
07/07/2017 12:16:01	Successfully logged in as admin
07/07/2017 12:16:01	Tried accessing as tyler
07/07/2017 12:16:01	Tried accessing as tyler
07/07/2017 12:16:01	Tried accessing as tyler
07/07/2017 12:16:01	Tried accessing as adm
07/07/2017 12:16:01	Tried accessing as tyler
07/07/2017 12:16:01	Too many attempts tyler has to wait 30 seconds
07/07/2017 12:16:44	Tried accessing as user
07/07/2017 12:16:44	Tried accessing as admin
07/07/2017 12:16:44	Successfully logged in as admin
07/07/2017 12:16:44	Tried accessing as tyler
07/07/2017 12:16:44	Tried accessing as tyler
07/07/2017 12:16:44	Tried accessing as tyler
07/07/2017 12:16:44	Tried accessing as adm
07/07/2017 12:16:44	Tried accessing as tyler
07/07/2017 12:16:44	Too many attempts tyler has to wait 30 seconds
07/07/2017 12:20:58	Tried accessing as user
07/07/2017 12:20:58	Tried accessing as admin
07/07/2017 12:20:58	Successfully logged in as admin
07/07/2017 12:20:58	Tried accessing as tyler
07/07/2017 12:20:58	Tried accessing as tyler
07/07/2017 12:20:58	Tried accessing as tyler
07/07/2017 12:20:58	Tried accessing as adm
07/07/2017 12:20:58	Tried accessing as tyler
07/07/2017 12:20:58	Too many attempts tyler has to wait 30 seconds
07/07/2017 12:22:55	Tried accessing as user
07/07/2017 12:22:55	Tried accessing as admin
07/07/2017 12:22:55	Successfully logged in as admin
07/07/2017 12:22:55	Tried accessing as tyler
07/07/2017 12:22:55	Tried accessing as tyler
07/07/2017 12:22:55	Tried accessing as tyler
07/07/2017 12:22:55	Tried accessing as adm
07/07/2017 12:22:55	Tried accessing as tyler
07/07/2017 12:22:55	Too many attempts tyler has to wait 30 seconds
07/07/2017 12:24:33	Tried accessing as user
07/07/2017 12:24:33	Tried accessing as admin
07/07/2017 12:24:33	Successfully logged in as admin
07/07/2017 12:24:33	Tried accessing as tyler
07/07/2017 12:24:33	Tried accessing as tyler
07/07/2017 12:24:33	Tried accessing as tyler
07/07/2017 12:24:33	Tried accessing as adm
07/07/2017 12:24:33	Tried accessing as tyler
07/07/2017 12:24:33	Too many attempts tyler has to wait 30 seconds
07/07/2017 12:27:24	Tried accessing as user
07/07/2017 12:27:24	Tried accessing as admin
07/07/2017 12:27:24	Successfully logged in as admin
07/07/2017 12:27:24	Tried accessing as tyler
07/07/2017 12:27:24	Tried accessing as tyler
07/07/2017 12:27:24	Tried accessing as tyler
07/07/2017 12:27:24	Tried accessing as adm
07/07/2017 12:27:24	Tried accessing as tyler
07/07/2017 12:27:24	Too many attempts tyler has to wait 30 seconds
07/07/2017 12:27:38	Tried accessing as user
07/07/2017 12:27:38	Tried accessing as admin
07/07/2017 12:27:38	Successfully logged in as admin
07/07/2017 12:27:38	Tried accessing as tyler
07/07/2017 12:27:38	Tried accessing as tyler
07/07/2017 12:27:38	Tried accessing as tyler
07/07/2017 12:27:38	Tried accessing as adm
07/07/2017 12:27:38	Tried accessing as tyler
07/07/2017 12:27:38	Too many attempts tyler has to wait 30 seconds
07/07/2017 12:28:00	Tried accessing as user
07/07/2017 12:28:00	Tried accessing as admin
07/07/2017 12:28:00	Successfully logged in as admin
07/07/2017 12:28:00	Tried accessing as tyler
07/07/2017 12:28:01	Tried accessing as tyler
07/07/2017 12:28:01	Tried accessing as tyler
07/07/2017 12:28:01	Tried accessing as adm
07/07/2017 12:28:01	Tried accessing as tyler
07/07/2017 12:28:01	Too many attempts tyler has to wait 30 seconds
07/07/2017 12:31:46	Tried accessing as user
07/07/2017 12:31:46	Tried accessing as admin
07/07/2017 12:31:46	Successfully logged in as admin
07/07/2017 12:31:46	Tried accessing as tyler
07/07/2017 12:31:46	Tried accessing as tyler
07/07/2017 12:31:46	Tried accessing as tyler
07/07/2017 12:31:46	Tried accessing as adm
07/07/2017 12:31:46	Tried accessing as tyler
07/07/2017 12:31:46	Too many attempts tyler has to wait 30 seconds
07/07/2017 12:38:00	Tried accessing as user
07/07/2017 12:38:00	Tried accessing as admin
07/07/2017 12:38:00	Successfully logged in as admin
07/07/2017 12:38:00	Tried accessing as tyler
07/07/2017 12:38:00	Tried accessing as tyler
07/07/2017 12:38:00	Tried accessing as tyler
07/07/2017 12:38:00	Tried accessing as adm
07/07/2017 12:38:00	Tried accessing as tyler
07/07/2017 12:38:00	Too many attempts tyler has to wait 30 seconds
07/07/2017 12:38:35	Tried accessing as user
07/07/2017 12:38:35	Tried accessing as admin
07/07/2017 12:38:35	Successfully logged in as admin
07/07/2017 12:38:35	Tried accessing as tyler
07/07/2017 12:38:35	Tried accessing as tyler
07/07/2017 12:38:35	Tried accessing as tyler
07/07/2017 12:38:35	Tried accessing as adm
07/07/2017 12:38:35	Tried accessing as tyler
07/07/2017 12:38:35	Too many attempts tyler has to wait 30 seconds
07/07/2017 12:40:36	Tried accessing as user
07/07/2017 12:40:36	Tried accessing as admin
07/07/2017 12:40:36	Successfully logged in as admin
07/07/2017 12:40:36	Tried accessing as tyler
07/07/2017 12:40:36	Tried accessing as tyler
07/07/2017 12:40:36	Tried accessing as tyler
07/07/2017 12:40:36	Tried accessing as adm
07/07/2017 12:40:36	Tried accessing as tyler
07/07/2017 12:40:36	Too many attempts tyler has to wait 30 seconds
07/07/2017 12:44:21	Tried accessing as user
07/07/2017 12:44:21	Tried accessing as admin
07/07/2017 12:44:21	Successfully logged in as admin
07/07/2017 12:44:21	Tried accessing as tyler
07/07/2017 12:44:21	Tried accessing as tyler
07/07/2017 12:44:21	Tried accessing as tyler
07/07/2017 12:44:21	Tried accessing as adm
07/07/2017 12:44:21	Tried accessing as tyler
07/07/2017 12:44:21	Too many attempts tyler has to wait 30 seconds
07/07/2017 12:45:11	Tried accessing as user
07/07/2017 12:45:11	Tried accessing as admin
07/07/2017 12:45:11	Successfully logged in as admin
07/07/2017 12:45:11	Tried accessing as tyler
07/07/2017 12:45:11	Tried accessing as tyler
07/07/2017 12:45:11	Tried accessing as tyler
07/07/2017 12:45:11	Tried accessing as adm
07/07/2017 12:45:11	Tried accessing as tyler
07/07/2017 12:45:11	Too many attempts tyler has to wait 30 seconds
07/07/2017 12:49:56	Tried accessing as user
07/07/2017 12:49:56	Tried accessing as admin
07/07/2017 12:49:56	Successfully logged in as admin
07/07/2017 12:49:56	Tried accessing as tyler
07/07/2017 12:49:56	Tried accessing as tyler
07/07/2017 12:49:56	Tried accessing as tyler
07/07/2017 12:49:56	Tried accessing as adm
07/07/2017 12:49:56	Tried accessing as tyler
07/07/2017 12:49:56	Too many attempts tyler has to wait 30 seconds
07/07/2017 12:51:42	Tried accessing as user
07/07/2017 12:51:42	Tried accessing as admin
07/07/2017 12:51:42	Successfully logged in as admin
07/07/2017 12:51:42	Tried accessing as tyler
07/07/2017 12:51:42	Tried accessing as tyler
07/07/2017 12:51:42	Tried accessing as tyler
07/07/2017 12:51:42	Tried accessing as adm
07/07/2017 12:51:42	Tried accessing as tyler
07/07/2017 12:51:42	Too many attempts tyler has to wait 30 seconds
07/07/2017 12:53:31	Tried accessing as user
07/07/2017 12:53:32	Tried accessing as admin
07/07/2017 12:53:32	Successfully logged in as admin
07/07/2017 12:53:32	Tried accessing as tyler
07/07/2017 12:53:32	Tried accessing as tyler
07/07/2017 12:53:32	Tried accessing as tyler
07/07/2017 12:53:32	Tried accessing as adm
07/07/2017 12:53:32	Tried accessing as tyler
07/07/2017 12:53:32	Too many attempts tyler has to wait 30 seconds
07/07/2017 12:54:01	Tried accessing as user
07/07/2017 12:54:01	Tried accessing as admin
07/07/2017 12:54:01	Successfully logged in as admin
07/07/2017 12:54:01	Tried accessing as tyler
07/07/2017 12:54:01	Tried accessing as tyler
07/07/2017 12:54:01	Tried accessing as tyler
07/07/2017 12:54:01	Tried accessing as adm
07/07/2017 12:54:01	Tried accessing as tyler
07/07/2017 12:54:01	Too many attempts tyler has to wait 30 seconds
07/07/2017 12:56:12	Tried accessing as user
07/07/2017 12:56:12	Tried accessing as admin
07/07/2017 12:56:12	Successfully logged in as admin
07/07/2017 12:56:12	Tried accessing as tyler
07/07/2017 12:56:12	Tried accessing as tyler
07/07/2017 12:56:13	Tried accessing as tyler
07/07/2017 12:56:13	Tried accessing as adm
07/07/2017 12:56:13	Tried accessing as tyler
07/07/2017 12:56:13	Too many attempts tyler has to wait 30 seconds
07/07/2017 12:56:23	Tried accessing as admin
07/07/2017 12:56:23	Successfully logged in as admin
07/07/2017 12:57:03	Tried accessing as admin
07/07/2017 12:57:03	Successfully logged in as admin
07/07/2017 13:00:33	Tried accessing as user
07/07/2017 13:00:33	Tried accessing as admin
07/07/2017 13:00:33	Successfully logged in as admin
07/07/2017 13:00:33	Tried accessing as tyler
07/07/2017 13:00:33	Tried accessing as tyler
07/07/2017 13:00:33	Tried accessing as tyler
07/07/2017 13:00:33	Tried accessing as adm
07/07/2017 13:00:33	Tried accessing as tyler
07/07/2017 13:00:33	Too many attempts tyler has to wait 30 seconds
07/07/2017 13:01:12	Tried accessing as user
07/07/2017 13:01:12	Tried accessing as admin
07/07/2017 13:01:12	Successfully logged in as admin
07/07/2017 13:01:12	Tried accessing as tyler
07/07/2017 13:01:12	Tried accessing as tyler
07/07/2017 13:01:12	Tried accessing as tyler
07/07/2017 13:01:12	Tried accessing as adm
07/07/2017 13:01:12	Tried accessing as tyler
07/07/2017 13:01:12	Too many attempts tyler has to wait 30 seconds
07/07/2017 13:01:17	Tried accessing as admin
07/07/2017 13:01:17	Successfully logged in as admin
07/07/2017 13:01:42	Tried accessing as admin
07/07/2017 13:01:42	Successfully logged in as admin
07/08/2017 11:59:47	Tried accessing as admin
07/08/2017 11:59:47	Successfully logged in as admin
07/08/2017 12:00:24	Tried accessing as admin
07/08/2017 12:00:24	Successfully logged in as admin
07/08/2017 12:17:32	Tried accessing as admin
07/08/2017 12:17:32	Successfully logged in as admin
07/08/2017 12:21:30	Tried accessing as admin
07/08/2017 12:21:30	Successfully logged in as admin
07/08/2017 12:21:52	Tried accessing as admin
07/08/2017 12:21:52	Successfully logged in as admin
07/08/2017 12:24:12	Tried accessing as admin
07/08/2017 12:24:12	Successfully logged in as admin
07/08/2017 12:25:09	Tried accessing as admin
07/08/2017 12:25:09	Successfully logged in as admin
07/08/2017 12:26:17	Tried accessing as admin
07/08/2017 12:26:17	Successfully logged in as admin
07/08/2017 23:37:51	Tried accessing as admin
07/08/2017 23:37:51	Successfully logged in as admin
07/08/2017 23:38:09	Tried accessing as admin
07/08/2017 23:38:09	Successfully logged in as admin
07/09/2017 00:28:34	Tried accessing as admin
07/09/2017 00:28:34	Successfully logged in as admin
07/09/2017 00:35:59	Tried accessing as admin
07/09/2017 00:35:59	Successfully logged in as admin
07/09/2017 00:36:51	Tried accessing as admin
07/09/2017 00:36:51	Successfully logged in as admin
07/09/2017 00:47:57	Tried accessing as admin
07/09/2017 00:47:57	Successfully logged in as admin
07/09/2017 00:48:48	Tried accessing as admin
07/09/2017 00:48:48	Successfully logged in as admin
07/09/2017 00:50:43	Tried accessing as admin
07/09/2017 00:50:43	Successfully logged in as admin
07/09/2017 00:59:06	Tried accessing as admin
07/09/2017 00:59:06	Successfully logged in as admin
07/09/2017 01:04:35	Tried accessing as user
07/09/2017 01:04:35	Tried accessing as admin
07/09/2017 01:04:35	Successfully logged in as admin
07/09/2017 01:04:35	Tried accessing as tyler
07/09/2017 01:04:35	Tried accessing as tyler
07/09/2017 01:04:35	Tried accessing as tyler
07/09/2017 01:04:35	Tried accessing as adm
07/09/2017 01:04:35	Tried accessing as tyler
07/09/2017 01:04:35	Too many attempts tyler has to wait 30 seconds
07/09/2017 01:09:45	Tried accessing as user
07/09/2017 01:09:45	Tried accessing as admin
07/09/2017 01:09:45	Successfully logged in as admin
07/09/2017 01:09:45	Tried accessing as tyler
07/09/2017 01:09:45	Tried accessing as tyler
07/09/2017 01:09:45	Tried accessing as tyler
07/09/2017 01:09:45	Tried accessing as adm
07/09/2017 01:09:45	Tried accessing as tyler
07/09/2017 01:09:45	Too many attempts tyler has to wait 30 seconds
07/09/2017 01:10:09	Tried accessing as user
07/09/2017 01:10:09	Tried accessing as admin
07/09/2017 01:10:09	Successfully logged in as admin
07/09/2017 01:10:09	Tried accessing as tyler
07/09/2017 01:10:09	Tried accessing as tyler
07/09/2017 01:10:09	Tried accessing as tyler
07/09/2017 01:10:09	Tried accessing as adm
07/09/2017 01:10:09	Tried accessing as tyler
07/09/2017 01:10:09	Too many attempts tyler has to wait 30 seconds
07/10/2017 18:33:54	Tried accessing as admin
07/10/2017 18:33:54	Successfully logged in as admin
07/10/2017 19:09:56	Tried accessing as user
07/10/2017 19:09:56	Tried accessing as admin
07/10/2017 19:09:56	Successfully logged in as admin
07/10/2017 19:09:56	Tried accessing as tyler
07/10/2017 19:09:56	Tried accessing as tyler
07/10/2017 19:09:56	Tried accessing as tyler
07/10/2017 19:09:56	Tried accessing as adm
07/10/2017 19:09:56	Tried accessing as tyler
07/10/2017 19:09:56	Too many attempts tyler has to wait 30 seconds
07/10/2017 19:13:55	Tried accessing as user
07/10/2017 19:13:55	Tried accessing as admin
07/10/2017 19:13:55	Successfully logged in as admin
07/10/2017 19:13:55	Tried accessing as tyler
07/10/2017 19:13:55	Tried accessing as tyler
07/10/2017 19:13:55	Tried accessing as tyler
07/10/2017 19:13:55	Tried accessing as adm
07/10/2017 19:13:55	Tried accessing as tyler
07/10/2017 19:13:55	Too many attempts tyler has to wait 30 seconds
07/10/2017 19:15:04	Tried accessing as user
07/10/2017 19:15:04	Tried accessing as admin
07/10/2017 19:15:04	Successfully logged in as admin
07/10/2017 19:15:04	Tried accessing as tyler
07/10/2017 19:15:04	Tried accessing as tyler
07/10/2017 19:15:04	Tried accessing as tyler
07/10/2017 19:15:04	Tried accessing as adm
07/10/2017 19:15:04	Tried accessing as tyler
07/10/2017 19:15:04	Too many attempts tyler has to wait 30 seconds
07/11/2017 18:35:48	Tried accessing as admin
07/11/2017 18:35:48	Successfully logged in as admin
07/11/2017 18:36:18	Tried accessing as admin
07/11/2017 18:36:18	Successfully logged in as admin
07/11/2017 18:37:00	Tried accessing as admin
07/11/2017 18:37:00	Successfully logged in as admin
07/11/2017 18:55:34	Tried accessing as admin
07/11/2017 18:55:34	Successfully logged in as admin
07/11/2017 18:56:10	Tried accessing as admin
07/11/2017 18:56:10	Successfully logged in as admin
07/11/2017 19:07:10	Tried accessing as admin
07/11/2017 19:07:10	Successfully logged in as admin
07/11/2017 19:19:17	Tried accessing as admin
07/11/2017 19:19:17	Successfully logged in as admin
07/11/2017 19:20:21	Tried accessing as admin
07/11/2017 19:20:21	Successfully logged in as admin
07/11/2017 19:47:59	Tried accessing as admin
07/11/2017 19:47:59	Successfully logged in as admin
07/11/2017 19:48:19	Tried accessing as admin
07/11/2017 19:48:19	Successfully logged in as admin
07/11/2017 19:48:32	Tried accessing as admin
07/11/2017 19:48:32	Successfully logged in as admin
07/11/2017 19:50:37	Tried accessing as admin
07/11/2017 19:50:37	Successfully logged in as admin
07/11/2017 19:50:54	Tried accessing as admin
07/11/2017 19:50:54	Successfully logged in as admin
07/11/2017 19:51:25	Tried accessing as admin
07/11/2017 19:51:25	Successfully logged in as admin
07/11/2017 19:51:42	Tried accessing as admin
07/11/2017 19:51:42	Successfully logged in as admin
07/11/2017 19:52:05	Tried accessing as admin
07/11/2017 19:52:05	Successfully logged in as admin
07/11/2017 20:01:29	Tried accessing as admin
07/11/2017 20:01:29	Successfully logged in as admin
07/11/2017 20:04:06	Tried accessing as admin
07/11/2017 20:04:06	Successfully logged in as admin
07/11/2017 20:05:08	Tried accessing as admin
07/11/2017 20:05:08	Successfully logged in as admin
07/11/2017 20:05:30	Tried accessing as admin
07/11/2017 20:05:30	Successfully logged in as admin
07/11/2017 20:06:01	Tried accessing as admin
07/11/2017 20:06:01	Successfully logged in as admin
07/11/2017 20:06:40	Tried accessing as admin
07/11/2017 20:06:40	Successfully logged in as admin
07/11/2017 20:07:35	Tried accessing as admin
07/11/2017 20:07:35	Successfully logged in as admin
07/11/2017 20:09:03	Tried accessing as admin
07/11/2017 20:09:03	Successfully logged in as admin
07/11/2017 21:25:12	Tried accessing as admin
07/11/2017 21:25:12	Successfully logged in as admin
07/11/2017 21:35:07	Tried accessing as admin
07/11/2017 21:35:07	Successfully logged in as admin
07/11/2017 21:36:37	Tried accessing as admin
07/11/2017 21:36:37	Successfully logged in as admin
07/11/2017 21:42:27	Tried accessing as admin
07/11/2017 21:42:27	Successfully logged in as admin
07/11/2017 21:42:51	Tried accessing as admin
07/11/2017 21:42:51	Successfully logged in as admin
07/11/2017 21:57:46	Tried accessing as admin
07/11/2017 21:57:46	Successfully logged in as admin
07/11/2017 21:58:07	Tried accessing as admin
07/11/2017 21:58:07	Successfully logged in as admin
07/11/2017 22:00:40	Tried accessing as admin
07/11/2017 22:00:40	Successfully logged in as admin
07/11/2017 22:02:25	Tried accessing as admin
07/11/2017 22:02:25	Successfully logged in as admin
07/11/2017 22:11:38	Tried accessing as admin
07/11/2017 22:11:38	Successfully logged in as admin
07/11/2017 22:18:10	Tried accessing as admin
07/11/2017 22:18:10	Successfully logged in as admin
07/11/2017 22:22:37	Tried accessing as admin
07/11/2017 22:22:37	Successfully logged in as admin
07/11/2017 22:23:18	Tried accessing as admin
07/11/2017 22:23:18	Successfully logged in as admin
